<?xml version="1.0" encoding="utf-8"?><testsuites name="pytest tests"><testsuite name="pytest" errors="0" failures="0" skipped="0" tests="27" time="7.411" timestamp="2026-09-20T23:50:07.971414+07:00" hostname="Ratchy-Oak----MacBook.local"><testcase classname="tests.test_api" name="test_health_and_real_model_info" time="0.013" /><testcase classname="tests.test_api" name="test_repeated_mock_connect_is_idempotent" time="0.005" /><testcase classname="tests.test_api" name="test_live_only_ui_has_bone_states_and_no_navigation" time="0.027" /><testcase classname="tests.test_api" name="test_live_reference_status_endpoint_has_three_classes" time="0.004" /><testcase classname="tests.test_api" name="test_hidden_scan_shortcuts_finish_on_three_real_sweeps" time="0.007" /><testcase classname="tests.test_api" name="test_hidden_graph_uses_random_real_dataset_trace" time="0.067" /><testcase classname="tests.test_api" name="test_default_real_scan_finishes_after_three_sweeps" time="0.001" /><testcase classname="tests.test_api" name="test_result_card_has_three_sweep_loading_progress" time="0.006" /><testcase classname="tests.test_live" name="test_mock_connect_disconnect" time="0.001" /><testcase classname="tests.test_live" name="test_duplicate_boundaries_and_malformed" time="0.001" /><testcase classname="tests.test_live" name="test_stabilizer" time="0.012" /><testcase classname="tests.test_live" name="test_stabilizer_keeps_air_as_a_real_class" time="0.006" /><testcase classname="tests.test_live" name="test_live_stabilizer_always_selects_highest_percentage" time="0.001" /><testcase classname="tests.test_live" name="test_websocket_and_loop_cancellation" time="0.016" /><testcase classname="tests.test_live" name="test_release_after_errors" time="0.002" /><testcase classname="tests.test_live" name="test_v2_binary_protocol_commands_and_fifo" time="0.000" /><testcase classname="tests.test_live" name="test_stabilizer_keeps_raw_probability" time="0.000" /><testcase classname="tests.test_live" name="test_real_multi_angle_bank_and_air_guard" time="0.621" /><testcase classname="tests.test_live" name="test_one_sample_scan_stops_after_configured_sweeps" time="0.597" /><testcase classname="tests.test_live" name="test_hidden_scan_can_override_only_the_interval" time="0.600" /><testcase classname="tests.test_live" name="test_live_setup_persists_and_resets_three_sweep_reference" time="1.778" /><testcase classname="tests.test_live" name="test_complete_live_setup_classifies_air_normal_and_crack" time="0.705" /><testcase classname="tests.test_touchstone" name="test_formats[RI-1 0 0 3 4 0 0 0 0-5]" time="0.002" /><testcase classname="tests.test_touchstone" name="test_formats[MA-1 0 0 2 90 0 0 0 0-2]" time="0.001" /><testcase classname="tests.test_touchstone" name="test_formats[DB-1 0 0 20 0 0 0 0 0-10]" time="0.001" /><testcase classname="tests.test_touchstone" name="test_extract_and_interpolate" time="0.002" /><testcase classname="tests.test_touchstone" name="test_malformed" time="0.001" /></testsuite></testsuites>