<?xml version='1.0' encoding='utf-8'?>
<testsuites name="pytest tests"><testsuite name="pytest" errors="0" failures="0" skipped="0" tests="6" time="9.218" timestamp="2026-09-20T23:50:07.967902+07:00" hostname="Ratchy-Oak----MacBook.local"><testcase classname="tests.test_data_generator" name="test_generation_is_reproducible_and_has_expected_shape" time="0.072" /><testcase classname="tests.test_features" name="test_known_linear_signal_features" time="0.016" /><testcase classname="tests.test_modeling" name="test_group_split_and_all_models_train" time="1.620" /><testcase classname="tests.test_pipeline" name="test_complete_pipeline_creates_required_outputs" time="2.488" /><testcase classname="tests.test_validation" name="test_invalid_inputs_report_errors" time="0.026" /><testcase classname="tests.test_validation" name="test_duplicates_are_reported_without_crashing" time="0.006" /></testsuite></testsuites>