<?xml version='1.0' encoding='utf-8'?>
<testsuites name="pytest tests"><testsuite name="pytest" errors="0" failures="0" skipped="0" tests="4" time="32.719" timestamp="2026-09-21T00:31:51.565498+07:00" hostname="Ratchy-Oak----MacBook.local"><testcase classname="tests.e2e.test_dashboard" name="test_mock_scan_completes_and_disconnects" time="8.074" /><testcase classname="tests.e2e.test_dashboard" name="test_recorded_real_scan[air-AIR]" time="7.535" /><testcase classname="tests.e2e.test_dashboard" name="test_recorded_real_scan[normal-NOT_FRACTURED]" time="7.709" /><testcase classname="tests.e2e.test_dashboard" name="test_recorded_real_scan[crack-FRACTURED]" time="9.381" /></testsuite></testsuites>